#
# There is insufficient memory for the Java Runtime Environment to continue.
# Native memory allocation (malloc) failed to allocate 1048576 bytes for AllocateHeap
# Possible reasons:
#   The system is out of physical RAM or swap space
#   In 32 bit mode, the process size limit was hit
# Possible solutions:
#   Reduce memory load on the system
#   Increase physical memory or swap space
#   Check if swap backing store is full
#   Use 64 bit Java on a 64 bit OS
#   Decrease Java heap size (-Xmx/-Xms)
#   Decrease number of Java threads
#   Decrease Java thread stack sizes (-Xss)
#   Set larger code cache with -XX:ReservedCodeCacheSize=
# This output file may be truncated or incomplete.
#
#  Out of Memory Error (memory/allocation.inline.hpp:61), pid=16488, tid=1956
#
# JRE version:  (8.0_60-b27) (build )
# Java VM: Java HotSpot(TM) 64-Bit Server VM (25.60-b23 mixed mode windows-amd64 compressed oops)
# Failed to write core dump. Minidumps are not enabled by default on client versions of Windows
#

---------------  T H R E A D  ---------------

Current thread (0x0000000002d85000):  JavaThread "Unknown thread" [_thread_in_vm, id=1956, stack(0x0000000002c00000,0x0000000002d00000)]

Stack: [0x0000000002c00000,0x0000000002d00000]
[error occurred during error reporting (printing stack bounds), id 0xc0000005]

Native frames: (J=compiled Java code, j=interpreted, Vv=VM code, C=native code)


---------------  P R O C E S S  ---------------

Java Threads: ( => current thread )

Other Threads:

=>0x0000000002d85000 (exited) JavaThread "Unknown thread" [_thread_in_vm, id=1956, stack(0x0000000002c00000,0x0000000002d00000)]

VM state:not at safepoint (normal execution)

VM Mutex/Monitor currently owned by a thread: None

Heap:
 PSYoungGen      total 57344K, used 983K [0x0000000780380000, 0x0000000784380000, 0x00000007c0000000)
  eden space 49152K, 2% used [0x0000000780380000,0x0000000780475c38,0x0000000783380000)
  from space 8192K, 0% used [0x0000000783b80000,0x0000000783b80000,0x0000000784380000)
  to   space 8192K, 0% used [0x0000000783380000,0x0000000783380000,0x0000000783b80000)
 ParOldGen       total 131072K, used 0K [0x0000000700a00000, 0x0000000708a00000, 0x0000000780380000)
  object space 131072K, 0% used [0x0000000700a00000,0x0000000700a00000,0x0000000708a00000)
 Metaspace       used 767K, capacity 4480K, committed 4480K, reserved 1056768K
  class space    used 75K, capacity 384K, committed 384K, reserved 1048576K

Card table byte_map: [0x00000000122c0000,0x00000000128c0000] byte_map_base: 0x000000000eabb000

Marking Bits: (ParMarkBitMap*) 0x00000000769ca5b0
 Begin Bits: [0x00000000134c0000, 0x0000000016498000)
 End Bits:   [0x0000000016498000, 0x0000000019470000)

Polling page: 0x00000000013d0000

CodeCache: size=245760Kb used=328Kb max_used=328Kb free=245431Kb
 bounds [0x0000000002f00000, 0x0000000003170000, 0x0000000011f00000]
 total_blobs=57 nmethods=0 adapters=37
 compilation: enabled

Compilation events (0 events):
No events

GC Heap History (0 events):
No events

Deoptimization events (0 events):
No events

Internal exceptions (0 events):
No events

Events (10 events):
Event: 0.099 loading class java/lang/Short
Event: 0.099 loading class java/lang/Short done
Event: 0.100 loading class java/lang/Integer
Event: 0.100 loading class java/lang/Integer done
Event: 0.100 loading class java/lang/Long
Event: 0.101 loading class java/lang/Long done
Event: 0.104 loading class java/lang/NullPointerException
Event: 0.104 loading class java/lang/NullPointerException done
Event: 0.104 loading class java/lang/ArithmeticException
Event: 0.104 loading class java/lang/ArithmeticException done


Dynamic libraries:
0x00007ff6cacd0000 - 0x00007ff6cad07000 	C:\Program Files\Java\jdk1.8.0_60\bin\javaw.exe
0x00007ff98e350000 - 0x00007ff98e545000 	C:\WINDOWS\SYSTEM32\ntdll.dll
0x00007ff98d710000 - 0x00007ff98d7ce000 	C:\WINDOWS\System32\KERNEL32.DLL
0x00007ff98bba0000 - 0x00007ff98be68000 	C:\WINDOWS\System32\KERNELBASE.dll
0x00007ff98d800000 - 0x00007ff98d8ae000 	C:\WINDOWS\System32\ADVAPI32.dll
0x00007ff98da20000 - 0x00007ff98dabe000 	C:\WINDOWS\System32\msvcrt.dll
0x00007ff98ddb0000 - 0x00007ff98de4c000 	C:\WINDOWS\System32\sechost.dll
0x00007ff98dfb0000 - 0x00007ff98e0d5000 	C:\WINDOWS\System32\RPCRT4.dll
0x00007ff98c710000 - 0x00007ff98c8b0000 	C:\WINDOWS\System32\USER32.dll
0x00007ff98ba70000 - 0x00007ff98ba92000 	C:\WINDOWS\System32\win32u.dll
0x00007ff98d7d0000 - 0x00007ff98d7fa000 	C:\WINDOWS\System32\GDI32.dll
0x00007ff98be70000 - 0x00007ff98bf7b000 	C:\WINDOWS\System32\gdi32full.dll
0x00007ff98c210000 - 0x00007ff98c2ad000 	C:\WINDOWS\System32\msvcp_win.dll
0x00007ff98c2b0000 - 0x00007ff98c3b0000 	C:\WINDOWS\System32\ucrtbase.dll
0x00007ff97e8d0000 - 0x00007ff97eb6a000 	C:\WINDOWS\WinSxS\amd64_microsoft.windows.common-controls_6595b64144ccf1df_6.0.19041.1110_none_60b5254171f9507e\COMCTL32.dll
0x00007ff98de60000 - 0x00007ff98de90000 	C:\WINDOWS\System32\IMM32.DLL
0x0000000076a50000 - 0x0000000076b22000 	C:\Program Files\Java\jdk1.8.0_60\jre\bin\msvcr100.dll
0x00000000761c0000 - 0x0000000076a49000 	C:\Program Files\Java\jdk1.8.0_60\jre\bin\server\jvm.dll
0x00007ff98de50000 - 0x00007ff98de58000 	C:\WINDOWS\System32\PSAPI.DLL
0x00007ff97fe80000 - 0x00007ff97fe89000 	C:\WINDOWS\SYSTEM32\WSOCK32.dll
0x00007ff98dbb0000 - 0x00007ff98dc1b000 	C:\WINDOWS\System32\WS2_32.dll
0x00007ff984690000 - 0x00007ff98469a000 	C:\WINDOWS\SYSTEM32\VERSION.dll
0x00007ff97a870000 - 0x00007ff97a897000 	C:\WINDOWS\SYSTEM32\WINMM.dll
0x0000000077e10000 - 0x0000000077e1f000 	C:\Program Files\Java\jdk1.8.0_60\jre\bin\verify.dll
0x0000000077de0000 - 0x0000000077e09000 	C:\Program Files\Java\jdk1.8.0_60\jre\bin\java.dll
0x0000000077dc0000 - 0x0000000077dd6000 	C:\Program Files\Java\jdk1.8.0_60\jre\bin\zip.dll

VM Arguments:
jvm_args: -Dcom.sun.management.jmxremote -Dcom.sun.management.jmxremote.port=63331 -Dcom.sun.management.jmxremote.authenticate=false -Dcom.sun.management.jmxremote.ssl=false -Djava.rmi.server.hostname=localhost -Dspring.liveBeansView.mbeanDomain -Dspring.application.admin.enabled=true -Dfile.encoding=UTF-8 
java_command: com.bezkoder.springjwt.SpringBootSecurityJwtApplication --spring.output.ansi.enabled=always
java_class_path (initial): C:\Users\Lard\Desktop\angular-10-spring-boot-jwt-authentication-master\spring-boot-server\target\classes;C:\Users\Lard\.m2\repository\org\springframework\boot\spring-boot-starter-data-jpa\2.1.8.RELEASE\spring-boot-starter-data-jpa-2.1.8.RELEASE.jar;C:\Users\Lard\.m2\repository\org\springframework\boot\spring-boot-starter-aop\2.1.8.RELEASE\spring-boot-starter-aop-2.1.8.RELEASE.jar;C:\Users\Lard\.m2\repository\org\aspectj\aspectjweaver\1.9.4\aspectjweaver-1.9.4.jar;C:\Users\Lard\.m2\repository\org\springframework\boot\spring-boot-starter-jdbc\2.1.8.RELEASE\spring-boot-starter-jdbc-2.1.8.RELEASE.jar;C:\Users\Lard\.m2\repository\com\zaxxer\HikariCP\3.2.0\HikariCP-3.2.0.jar;C:\Users\Lard\.m2\repository\org\springframework\spring-jdbc\5.1.9.RELEASE\spring-jdbc-5.1.9.RELEASE.jar;C:\Users\Lard\.m2\repository\javax\transaction\javax.transaction-api\1.3\javax.transaction-api-1.3.jar;C:\Users\Lard\.m2\repository\javax\xml\bind\jaxb-api\2.3.1\jaxb-api-2.3.1.jar;C:\Users\Lard\.m2\repository\javax\activation\javax.activation-api\1.2.0\javax.activation-api-1.2.0.jar;C:\Users\Lard\.m2\repository\org\hibernate\hibernate-core\5.3.11.Final\hibernate-core-5.3.11.Final.jar;C:\Users\Lard\.m2\repository\org\jboss\logging\jboss-logging\3.3.3.Final\jboss-logging-3.3.3.Final.jar;C:\Users\Lard\.m2\repository\javax\persistence\javax.persistence-api\2.2\javax.persistence-api-2.2.jar;C:\Users\Lard\.m2\repository\org\javassist\javassist\3.23.2-GA\javassist-3.23.2-GA.jar;C:\Users\Lard\.m2\repository\net\bytebuddy\byte-buddy\1.9.16\byte-buddy-1.9.16.jar;C:\Users\Lard\.m2\repository\antlr\antlr\2.7.7\antlr-2.7.7.jar;C:\Users\Lard\.m2\repository\org\jboss\jandex\2.0.5.Final\jandex-2.0.5.Final.jar;C:\Users\Lard\.m2\repository\com\fasterxml\classmate\1.4.0\classmate-1.4.0.jar;C:\Users\Lard\.m2\repository\org\dom4j\dom4j\2.1.1\dom4j-2.1.1.jar;C:\Users\Lard\.m2\repository\org\hibernate\common\hibernate-commons-annotations\5.0.4.Final\hibernate-commons-annotations-5.0.4.Final.
Launcher Type: SUN_STANDARD

Environment Variables:
JAVA_HOME=C:\Program Files\Java\jdk1.8.0_60
PATH=C:/Program Files/Java/jre1.8.0_60/bin/server;C:/Program Files/Java/jre1.8.0_60/bin;C:/Program Files/Java/jre1.8.0_60/lib/amd64;C:\ProgramData\Oracle\Java\javapath;C:\Program Files (x86)\VMware\VMware Workstation\bin\;C:\Windows\system32;C:\Windows;C:\Windows\System32\Wbem;C:\Windows\System32\WindowsPowerShell\v1.0\;C:\Windows\System32\OpenSSH\;C:\Program Files (x86)\NVIDIA Corporation\PhysX\Common;C:\Program Files\NVIDIA Corporation\NVIDIA NvDLISR;C:\Program Files\Java\jdk1.8.0_60\bin;C:\ci_cd_outils\apache-maven-3.5.0\bin;C:\Program Files (x86)\Microsoft SQL Server\110\DTS\Binn\;C:\Program Files (x86)\Microsoft SQL Server\110\Tools\Binn\;C:\Program Files (x86)\Microsoft SQL Server\110\Tools\Binn\ManagementStudio\;C:\Program Files (x86)\Microsoft Visual Studio 10.0\Common7\IDE\PrivateAssemblies\;C:\Program Files\Java\jdk1.8.0_60\bin;C:\WINDOWS\system32;C:\WINDOWS;C:\WINDOWS\System32\Wbem;C:\WINDOWS\System32\WindowsPowerShell\v1.0\;C:\WINDOWS\System32\OpenSSH\;C:\Users\Lard\AppData\Local\Microsoft\WindowsApps;;D:\semestre2\sts-bundle\sts-3.8.4.RELEASE;
USERNAME=Lard
OS=Windows_NT
PROCESSOR_IDENTIFIER=Intel64 Family 6 Model 158 Stepping 9, GenuineIntel



---------------  S Y S T E M  ---------------

OS: Windows 10.0 , 64 bit Build 19041 (10.0.19041.1645)

CPU:total 8 (4 cores per cpu, 2 threads per core) family 6 model 158 stepping 9, cmov, cx8, fxsr, mmx, sse, sse2, sse3, ssse3, sse4.1, sse4.2, popcnt, avx, avx2, aes, clmul, erms, 3dnowpref, lzcnt, ht, tsc, tscinvbit, bmi1, bmi2, adx

Memory: 4k page, physical 12534748k(1715912k free), swap 27894748k(6124k free)

vm_info: Java HotSpot(TM) 64-Bit Server VM (25.60-b23) for windows-amd64 JRE (1.8.0_60-b27), built on Aug  4 2015 11:06:27 by "java_re" with MS VC++ 10.0 (VS2010)

time: Wed May 11 16:00:00 2022
elapsed time: 0 seconds (0d 0h 0m 0s)

